{"C:\\Users\\Ferg\\Documents\\DEV\\people-list-challenge\\src\\App.tsx": {"path":"C:\\Users\\Ferg\\Documents\\DEV\\people-list-challenge\\src\\App.tsx","statementMap":{"0":{"start":{"line":1,"column":0},"end":{"line":1,"column":60}},"1":{"start":{"line":2,"column":0},"end":{"line":2,"column":49}},"2":{"start":{"line":3,"column":0},"end":{"line":3,"column":55}},"3":{"start":{"line":4,"column":0},"end":{"line":4,"column":48}},"4":{"start":{"line":5,"column":0},"end":{"line":5,"column":30}},"5":{"start":{"line":6,"column":0},"end":{"line":6,"column":31}},"6":{"start":{"line":9,"column":2},"end":{"line":17,"column":4}},"7":{"start":{"line":20,"column":0},"end":{"line":20,"column":19}}},"fnMap":{"0":{"name":"App","decl":{"start":{"line":8,"column":9},"end":{"line":8,"column":12}},"loc":{"start":{"line":8,"column":12},"end":{"line":18,"column":1}}}},"branchMap":{},"s":{"0":0,"1":0,"2":0,"3":0,"4":0,"5":0,"6":0,"7":0},"f":{"0":0},"b":{}}
,"C:\\Users\\Ferg\\Documents\\DEV\\people-list-challenge\\src\\Router.tsx": {"path":"C:\\Users\\Ferg\\Documents\\DEV\\people-list-challenge\\src\\Router.tsx","statementMap":{"0":{"start":{"line":1,"column":0},"end":{"line":1,"column":49}},"1":{"start":{"line":2,"column":0},"end":{"line":2,"column":39}},"2":{"start":{"line":4,"column":13},"end":{"line":4,"column":47}},"3":{"start":{"line":4,"column":23},"end":{"line":4,"column":46}},"4":{"start":{"line":5,"column":20},"end":{"line":5,"column":61}},"5":{"start":{"line":5,"column":30},"end":{"line":5,"column":60}},"6":{"start":{"line":7,"column":23},"end":{"line":18,"column":null}},"7":{"start":{"line":8,"column":2},"end":{"line":17,"column":null}},"8":{"start":{"line":21,"column":15},"end":{"line":30,"column":1}},"9":{"start":{"line":22,"column":2},"end":{"line":29,"column":4}},"10":{"start":{"line":32,"column":0},"end":{"line":32,"column":22}}},"fnMap":{"0":{"name":"(anonymous_0)","decl":{"start":{"line":4,"column":18},"end":{"line":4,"column":21}},"loc":{"start":{"line":4,"column":23},"end":{"line":4,"column":46}}},"1":{"name":"(anonymous_1)","decl":{"start":{"line":4,"column":23},"end":{"line":4,"column":31}},"loc":{"start":{"line":4,"column":23},"end":{"line":4,"column":46}}},"2":{"name":"(anonymous_2)","decl":{"start":{"line":5,"column":25},"end":{"line":5,"column":28}},"loc":{"start":{"line":5,"column":30},"end":{"line":5,"column":60}}},"3":{"name":"(anonymous_3)","decl":{"start":{"line":5,"column":30},"end":{"line":5,"column":38}},"loc":{"start":{"line":5,"column":30},"end":{"line":5,"column":60}}},"4":{"name":"(anonymous_4)","decl":{"start":{"line":7,"column":23},"end":{"line":7,"column":26}},"loc":{"start":{"line":8,"column":2},"end":{"line":17,"column":null}}},"5":{"name":"(anonymous_5)","decl":{"start":{"line":21,"column":15},"end":{"line":21,"column":18}},"loc":{"start":{"line":21,"column":20},"end":{"line":30,"column":1}}}},"branchMap":{},"s":{"0":0,"1":0,"2":0,"3":0,"4":0,"5":0,"6":0,"7":0,"8":0,"9":0,"10":0},"f":{"0":0,"1":0,"2":0,"3":0,"4":0,"5":0},"b":{}}
,"C:\\Users\\Ferg\\Documents\\DEV\\people-list-challenge\\src\\components\\ErrorBoundary.tsx": {"path":"C:\\Users\\Ferg\\Documents\\DEV\\people-list-challenge\\src\\components\\ErrorBoundary.tsx","statementMap":{"0":{"start":{"line":1,"column":0},"end":{"line":1,"column":56}},"1":{"start":{"line":14,"column":9},"end":{"line":16,"column":null}},"2":{"start":{"line":19,"column":4},"end":{"line":19,"column":37}},"3":{"start":{"line":23,"column":4},"end":{"line":23,"column":46}},"4":{"start":{"line":27,"column":4},"end":{"line":45,"column":5}},"5":{"start":{"line":28,"column":6},"end":{"line":44,"column":8}},"6":{"start":{"line":47,"column":4},"end":{"line":47,"column":31}},"7":{"start":{"line":51,"column":0},"end":{"line":51,"column":29}}},"fnMap":{"0":{"name":"(anonymous_0)","decl":{"start":{"line":13,"column":0},"end":{"line":13,"column":6}},"loc":{"start":{"line":13,"column":0},"end":{"line":49,"column":1}}},"1":{"name":"(anonymous_1)","decl":{"start":{"line":18,"column":9},"end":{"line":18,"column":15}},"loc":{"start":{"line":18,"column":53},"end":{"line":20,"column":3}}},"2":{"name":"(anonymous_2)","decl":{"start":{"line":22,"column":9},"end":{"line":22,"column":26}},"loc":{"start":{"line":22,"column":61},"end":{"line":24,"column":3}}},"3":{"name":"(anonymous_3)","decl":{"start":{"line":26,"column":9},"end":{"line":26,"column":15}},"loc":{"start":{"line":26,"column":15},"end":{"line":48,"column":3}}}},"branchMap":{"0":{"loc":{"start":{"line":27,"column":4},"end":{"line":45,"column":5}},"type":"if","locations":[{"start":{"line":27,"column":4},"end":{"line":45,"column":5}},{"start":{},"end":{}}]},"1":{"loc":{"start":{"line":29,"column":8},"end":{"line":42,"column":null}},"type":"binary-expr","locations":[{"start":{"line":29,"column":8},"end":{"line":29,"column":27}},{"start":{"line":30,"column":10},"end":{"line":41,"column":null}}]}},"s":{"0":0,"1":0,"2":0,"3":0,"4":0,"5":0,"6":0,"7":0},"f":{"0":0,"1":0,"2":0,"3":0},"b":{"0":[0,0],"1":[0,0]}}
,"C:\\Users\\Ferg\\Documents\\DEV\\people-list-challenge\\src\\components\\ui\\Button\\Button.stories.tsx": {"path":"C:\\Users\\Ferg\\Documents\\DEV\\people-list-challenge\\src\\components\\ui\\Button\\Button.stories.tsx","statementMap":{"0":{"start":{"line":2,"column":0},"end":{"line":2,"column":34}},"1":{"start":{"line":4,"column":13},"end":{"line":11,"column":32}},"2":{"start":{"line":13,"column":0},"end":{"line":13,"column":20}},"3":{"start":{"line":16,"column":13},"end":{"line":21,"column":2}},"4":{"start":{"line":23,"column":13},"end":{"line":28,"column":2}},"5":{"start":{"line":30,"column":13},"end":{"line":35,"column":2}},"6":{"start":{"line":37,"column":13},"end":{"line":42,"column":2}},"7":{"start":{"line":44,"column":13},"end":{"line":49,"column":2}}},"fnMap":{},"branchMap":{},"s":{"0":0,"1":0,"2":0,"3":0,"4":0,"5":0,"6":0,"7":0},"f":{},"b":{}}
,"C:\\Users\\Ferg\\Documents\\DEV\\people-list-challenge\\src\\components\\ui\\Button\\Button.tsx": {"path":"C:\\Users\\Ferg\\Documents\\DEV\\people-list-challenge\\src\\components\\ui\\Button\\Button.tsx","statementMap":{"0":{"start":{"line":2,"column":0},"end":{"line":2,"column":23}},"1":{"start":{"line":10,"column":22},"end":{"line":28,"column":1}},"2":{"start":{"line":19,"column":2},"end":{"line":27,"column":4}},"3":{"start":{"line":10,"column":13},"end":{"line":10,"column":22}}},"fnMap":{"0":{"name":"(anonymous_0)","decl":{"start":{"line":10,"column":22},"end":{"line":10,"column":23}},"loc":{"start":{"line":18,"column":18},"end":{"line":28,"column":1}}}},"branchMap":{"0":{"loc":{"start":{"line":12,"column":2},"end":{"line":12,"column":21}},"type":"default-arg","locations":[{"start":{"line":12,"column":12},"end":{"line":12,"column":21}}]},"1":{"loc":{"start":{"line":13,"column":2},"end":{"line":13,"column":17}},"type":"default-arg","locations":[{"start":{"line":13,"column":9},"end":{"line":13,"column":17}}]},"2":{"loc":{"start":{"line":14,"column":2},"end":{"line":14,"column":19}},"type":"default-arg","locations":[{"start":{"line":14,"column":14},"end":{"line":14,"column":19}}]},"3":{"loc":{"start":{"line":16,"column":2},"end":{"line":16,"column":16}},"type":"default-arg","locations":[{"start":{"line":16,"column":14},"end":{"line":16,"column":16}}]},"4":{"loc":{"start":{"line":22,"column":16},"end":{"line":22,"column":37}},"type":"binary-expr","locations":[{"start":{"line":22,"column":16},"end":{"line":22,"column":24}},{"start":{"line":22,"column":28},"end":{"line":22,"column":37}}]},"5":{"loc":{"start":{"line":25,"column":7},"end":{"line":25,"column":45}},"type":"cond-expr","locations":[{"start":{"line":25,"column":19},"end":{"line":25,"column":34}},{"start":{"line":25,"column":37},"end":{"line":25,"column":45}}]}},"s":{"0":1,"1":1,"2":4,"3":1},"f":{"0":4},"b":{"0":[4],"1":[4],"2":[3],"3":[4],"4":[4,3],"5":[1,3]}}
,"C:\\Users\\Ferg\\Documents\\DEV\\people-list-challenge\\src\\components\\ui\\Input\\Input.tsx": {"path":"C:\\Users\\Ferg\\Documents\\DEV\\people-list-challenge\\src\\components\\ui\\Input\\Input.tsx","statementMap":{"0":{"start":{"line":2,"column":0},"end":{"line":2,"column":22}},"1":{"start":{"line":8,"column":21},"end":{"line":16,"column":1}},"2":{"start":{"line":13,"column":2},"end":{"line":15,"column":4}},"3":{"start":{"line":8,"column":13},"end":{"line":8,"column":21}}},"fnMap":{"0":{"name":"(anonymous_0)","decl":{"start":{"line":8,"column":21},"end":{"line":8,"column":22}},"loc":{"start":{"line":12,"column":17},"end":{"line":16,"column":1}}}},"branchMap":{"0":{"loc":{"start":{"line":9,"column":2},"end":{"line":9,"column":21}},"type":"default-arg","locations":[{"start":{"line":9,"column":12},"end":{"line":9,"column":21}}]},"1":{"loc":{"start":{"line":10,"column":2},"end":{"line":10,"column":16}},"type":"default-arg","locations":[{"start":{"line":10,"column":14},"end":{"line":10,"column":16}}]}},"s":{"0":0,"1":0,"2":0,"3":0},"f":{"0":0},"b":{"0":[0],"1":[0]}}
,"C:\\Users\\Ferg\\Documents\\DEV\\people-list-challenge\\src\\components\\ui\\Loading\\LoadingSpinner.tsx": {"path":"C:\\Users\\Ferg\\Documents\\DEV\\people-list-challenge\\src\\components\\ui\\Loading\\LoadingSpinner.tsx","statementMap":{"0":{"start":{"line":1,"column":0},"end":{"line":1,"column":31}},"1":{"start":{"line":3,"column":30},"end":{"line":9,"column":1}},"2":{"start":{"line":4,"column":2},"end":{"line":8,"column":4}},"3":{"start":{"line":3,"column":13},"end":{"line":3,"column":30}}},"fnMap":{"0":{"name":"(anonymous_0)","decl":{"start":{"line":3,"column":30},"end":{"line":3,"column":33}},"loc":{"start":{"line":3,"column":35},"end":{"line":9,"column":1}}}},"branchMap":{},"s":{"0":0,"1":0,"2":0,"3":0},"f":{"0":0},"b":{}}
,"C:\\Users\\Ferg\\Documents\\DEV\\people-list-challenge\\src\\components\\ui\\Loading\\SkeletonLoader.tsx": {"path":"C:\\Users\\Ferg\\Documents\\DEV\\people-list-challenge\\src\\components\\ui\\Loading\\SkeletonLoader.tsx","statementMap":{"0":{"start":{"line":1,"column":0},"end":{"line":1,"column":31}},"1":{"start":{"line":8,"column":30},"end":{"line":49,"column":1}},"2":{"start":{"line":12,"column":20},"end":{"line":12,"column":62}},"3":{"start":{"line":12,"column":60},"end":{"line":12,"column":61}},"4":{"start":{"line":14,"column":2},"end":{"line":26,"column":3}},"5":{"start":{"line":15,"column":4},"end":{"line":25,"column":6}},"6":{"start":{"line":18,"column":10},"end":{"line":18,"column":23}},"7":{"start":{"line":28,"column":2},"end":{"line":40,"column":3}},"8":{"start":{"line":29,"column":4},"end":{"line":39,"column":6}},"9":{"start":{"line":32,"column":10},"end":{"line":32,"column":23}},"10":{"start":{"line":42,"column":2},"end":{"line":48,"column":4}},"11":{"start":{"line":45,"column":8},"end":{"line":45,"column":21}},"12":{"start":{"line":8,"column":13},"end":{"line":8,"column":30}}},"fnMap":{"0":{"name":"(anonymous_0)","decl":{"start":{"line":8,"column":30},"end":{"line":8,"column":31}},"loc":{"start":{"line":11,"column":26},"end":{"line":49,"column":1}}},"1":{"name":"(anonymous_1)","decl":{"start":{"line":12,"column":50},"end":{"line":12,"column":51}},"loc":{"start":{"line":12,"column":60},"end":{"line":12,"column":61}}},"2":{"name":"(anonymous_2)","decl":{"start":{"line":17,"column":23},"end":{"line":17,"column":24}},"loc":{"start":{"line":18,"column":10},"end":{"line":18,"column":23}}},"3":{"name":"(anonymous_3)","decl":{"start":{"line":31,"column":23},"end":{"line":31,"column":24}},"loc":{"start":{"line":32,"column":10},"end":{"line":32,"column":23}}},"4":{"name":"(anonymous_4)","decl":{"start":{"line":44,"column":21},"end":{"line":44,"column":22}},"loc":{"start":{"line":45,"column":8},"end":{"line":45,"column":21}}}},"branchMap":{"0":{"loc":{"start":{"line":9,"column":2},"end":{"line":9,"column":15}},"type":"default-arg","locations":[{"start":{"line":9,"column":9},"end":{"line":9,"column":15}}]},"1":{"loc":{"start":{"line":10,"column":2},"end":{"line":10,"column":11}},"type":"default-arg","locations":[{"start":{"line":10,"column":10},"end":{"line":10,"column":11}}]},"2":{"loc":{"start":{"line":14,"column":2},"end":{"line":26,"column":3}},"type":"if","locations":[{"start":{"line":14,"column":2},"end":{"line":26,"column":3}},{"start":{},"end":{}}]},"3":{"loc":{"start":{"line":28,"column":2},"end":{"line":40,"column":3}},"type":"if","locations":[{"start":{"line":28,"column":2},"end":{"line":40,"column":3}},{"start":{},"end":{}}]}},"s":{"0":0,"1":0,"2":0,"3":0,"4":0,"5":0,"6":0,"7":0,"8":0,"9":0,"10":0,"11":0,"12":0},"f":{"0":0,"1":0,"2":0,"3":0,"4":0},"b":{"0":[0],"1":[0],"2":[0,0],"3":[0,0]}}
,"C:\\Users\\Ferg\\Documents\\DEV\\people-list-challenge\\src\\components\\ui\\Pagination\\Pagination.stories.tsx": {"path":"C:\\Users\\Ferg\\Documents\\DEV\\people-list-challenge\\src\\components\\ui\\Pagination\\Pagination.stories.tsx","statementMap":{"0":{"start":{"line":2,"column":0},"end":{"line":2,"column":42}},"1":{"start":{"line":4,"column":13},"end":{"line":11,"column":36}},"2":{"start":{"line":13,"column":0},"end":{"line":13,"column":20}},"3":{"start":{"line":16,"column":13},"end":{"line":22,"column":2}},"4":{"start":{"line":20,"column":28},"end":{"line":20,"column":62}},"5":{"start":{"line":24,"column":13},"end":{"line":30,"column":2}},"6":{"start":{"line":28,"column":28},"end":{"line":28,"column":62}},"7":{"start":{"line":32,"column":13},"end":{"line":38,"column":2}},"8":{"start":{"line":36,"column":28},"end":{"line":36,"column":62}},"9":{"start":{"line":40,"column":13},"end":{"line":46,"column":2}},"10":{"start":{"line":44,"column":28},"end":{"line":44,"column":62}}},"fnMap":{"0":{"name":"(anonymous_0)","decl":{"start":{"line":20,"column":18},"end":{"line":20,"column":19}},"loc":{"start":{"line":20,"column":28},"end":{"line":20,"column":62}}},"1":{"name":"(anonymous_1)","decl":{"start":{"line":28,"column":18},"end":{"line":28,"column":19}},"loc":{"start":{"line":28,"column":28},"end":{"line":28,"column":62}}},"2":{"name":"(anonymous_2)","decl":{"start":{"line":36,"column":18},"end":{"line":36,"column":19}},"loc":{"start":{"line":36,"column":28},"end":{"line":36,"column":62}}},"3":{"name":"(anonymous_3)","decl":{"start":{"line":44,"column":18},"end":{"line":44,"column":19}},"loc":{"start":{"line":44,"column":28},"end":{"line":44,"column":62}}}},"branchMap":{},"s":{"0":0,"1":0,"2":0,"3":0,"4":0,"5":0,"6":0,"7":0,"8":0,"9":0,"10":0},"f":{"0":0,"1":0,"2":0,"3":0},"b":{}}
,"C:\\Users\\Ferg\\Documents\\DEV\\people-list-challenge\\src\\components\\ui\\Pagination\\Pagination.tsx": {"path":"C:\\Users\\Ferg\\Documents\\DEV\\people-list-challenge\\src\\components\\ui\\Pagination\\Pagination.tsx","statementMap":{"0":{"start":{"line":1,"column":0},"end":{"line":1,"column":27}},"1":{"start":{"line":9,"column":26},"end":{"line":73,"column":1}},"2":{"start":{"line":14,"column":16},"end":{"line":14,"column":67}},"3":{"start":{"line":14,"column":61},"end":{"line":14,"column":66}},"4":{"start":{"line":16,"column":26},"end":{"line":39,"column":3}},"5":{"start":{"line":17,"column":4},"end":{"line":17,"column":38}},"6":{"start":{"line":17,"column":25},"end":{"line":17,"column":38}},"7":{"start":{"line":19,"column":18},"end":{"line":19,"column":46}},"8":{"start":{"line":20,"column":16},"end":{"line":20,"column":53}},"9":{"start":{"line":22,"column":46},"end":{"line":22,"column":48}},"10":{"start":{"line":24,"column":4},"end":{"line":27,"column":5}},"11":{"start":{"line":25,"column":6},"end":{"line":25,"column":27}},"12":{"start":{"line":26,"column":6},"end":{"line":26,"column":46}},"13":{"start":{"line":26,"column":21},"end":{"line":26,"column":46}},"14":{"start":{"line":29,"column":4},"end":{"line":31,"column":5}},"15":{"start":{"line":29,"column":17},"end":{"line":29,"column":22}},"16":{"start":{"line":30,"column":6},"end":{"line":30,"column":27}},"17":{"start":{"line":33,"column":4},"end":{"line":36,"column":5}},"18":{"start":{"line":34,"column":6},"end":{"line":34,"column":57}},"19":{"start":{"line":34,"column":32},"end":{"line":34,"column":57}},"20":{"start":{"line":35,"column":6},"end":{"line":35,"column":36}},"21":{"start":{"line":38,"column":4},"end":{"line":38,"column":24}},"22":{"start":{"line":41,"column":2},"end":{"line":72,"column":4}},"23":{"start":{"line":45,"column":23},"end":{"line":45,"column":52}},"24":{"start":{"line":52,"column":8},"end":{"line":53,"column":null}},"25":{"start":{"line":57,"column":25},"end":{"line":57,"column":71}},"26":{"start":{"line":66,"column":23},"end":{"line":66,"column":52}},"27":{"start":{"line":9,"column":13},"end":{"line":9,"column":26}}},"fnMap":{"0":{"name":"(anonymous_0)","decl":{"start":{"line":9,"column":26},"end":{"line":9,"column":27}},"loc":{"start":{"line":13,"column":22},"end":{"line":73,"column":1}}},"1":{"name":"(anonymous_1)","decl":{"start":{"line":14,"column":51},"end":{"line":14,"column":52}},"loc":{"start":{"line":14,"column":61},"end":{"line":14,"column":66}}},"2":{"name":"(anonymous_2)","decl":{"start":{"line":16,"column":26},"end":{"line":16,"column":29}},"loc":{"start":{"line":16,"column":31},"end":{"line":39,"column":3}}},"3":{"name":"(anonymous_3)","decl":{"start":{"line":45,"column":17},"end":{"line":45,"column":20}},"loc":{"start":{"line":45,"column":23},"end":{"line":45,"column":52}}},"4":{"name":"(anonymous_4)","decl":{"start":{"line":51,"column":29},"end":{"line":51,"column":30}},"loc":{"start":{"line":52,"column":8},"end":{"line":53,"column":null}}},"5":{"name":"(anonymous_5)","decl":{"start":{"line":57,"column":19},"end":{"line":57,"column":22}},"loc":{"start":{"line":57,"column":25},"end":{"line":57,"column":71}}},"6":{"name":"(anonymous_6)","decl":{"start":{"line":66,"column":17},"end":{"line":66,"column":20}},"loc":{"start":{"line":66,"column":23},"end":{"line":66,"column":52}}}},"branchMap":{"0":{"loc":{"start":{"line":17,"column":4},"end":{"line":17,"column":38}},"type":"if","locations":[{"start":{"line":17,"column":4},"end":{"line":17,"column":38}},{"start":{},"end":{}}]},"1":{"loc":{"start":{"line":24,"column":4},"end":{"line":27,"column":5}},"type":"if","locations":[{"start":{"line":24,"column":4},"end":{"line":27,"column":5}},{"start":{},"end":{}}]},"2":{"loc":{"start":{"line":26,"column":6},"end":{"line":26,"column":46}},"type":"if","locations":[{"start":{"line":26,"column":6},"end":{"line":26,"column":46}},{"start":{},"end":{}}]},"3":{"loc":{"start":{"line":33,"column":4},"end":{"line":36,"column":5}},"type":"if","locations":[{"start":{"line":33,"column":4},"end":{"line":36,"column":5}},{"start":{},"end":{}}]},"4":{"loc":{"start":{"line":34,"column":6},"end":{"line":34,"column":57}},"type":"if","locations":[{"start":{"line":34,"column":6},"end":{"line":34,"column":57}},{"start":{},"end":{}}]},"5":{"loc":{"start":{"line":55,"column":12},"end":{"line":55,"column":null}},"type":"cond-expr","locations":[{"start":{"line":55,"column":35},"end":{"line":55,"column":61}},{"start":{"line":55,"column":64},"end":{"line":55,"column":null}}]},"6":{"loc":{"start":{"line":56,"column":14},"end":{"line":56,"column":58}},"type":"cond-expr","locations":[{"start":{"line":56,"column":31},"end":{"line":56,"column":53}},{"start":{"line":56,"column":56},"end":{"line":56,"column":58}}]},"7":{"loc":{"start":{"line":57,"column":25},"end":{"line":57,"column":71}},"type":"binary-expr","locations":[{"start":{"line":57,"column":25},"end":{"line":57,"column":49}},{"start":{"line":57,"column":53},"end":{"line":57,"column":71}}]}},"s":{"0":1,"1":1,"2":4,"3":12,"4":4,"5":4,"6":4,"7":0,"8":0,"9":0,"10":0,"11":0,"12":0,"13":0,"14":0,"15":0,"16":0,"17":0,"18":0,"19":0,"20":0,"21":0,"22":4,"23":0,"24":12,"25":1,"26":0,"27":1},"f":{"0":4,"1":12,"2":4,"3":0,"4":12,"5":1,"6":0},"b":{"0":[4,0],"1":[0,0],"2":[0,0],"3":[0,0],"4":[0,0],"5":[4,8],"6":[0,12],"7":[1,1]}}
,"C:\\Users\\Ferg\\Documents\\DEV\\people-list-challenge\\src\\lib\\react-query.ts": {"path":"C:\\Users\\Ferg\\Documents\\DEV\\people-list-challenge\\src\\lib\\react-query.ts","statementMap":{"0":{"start":{"line":1,"column":0},"end":{"line":1,"column":52}},"1":{"start":{"line":3,"column":13},"end":{"line":11,"column":3}}},"fnMap":{},"branchMap":{},"s":{"0":0,"1":0},"f":{},"b":{}}
,"C:\\Users\\Ferg\\Documents\\DEV\\people-list-challenge\\src\\pages\\Home\\index.tsx": {"path":"C:\\Users\\Ferg\\Documents\\DEV\\people-list-challenge\\src\\pages\\Home\\index.tsx","statementMap":{"0":{"start":{"line":1,"column":13},"end":{"line":8,"column":1}},"1":{"start":{"line":2,"column":2},"end":{"line":7,"column":4}},"2":{"start":{"line":10,"column":0},"end":{"line":10,"column":20}}},"fnMap":{"0":{"name":"(anonymous_0)","decl":{"start":{"line":1,"column":13},"end":{"line":1,"column":16}},"loc":{"start":{"line":1,"column":18},"end":{"line":8,"column":1}}}},"branchMap":{},"s":{"0":0,"1":0,"2":0},"f":{"0":0},"b":{}}
,"C:\\Users\\Ferg\\Documents\\DEV\\people-list-challenge\\src\\pages\\UserDetails\\index.tsx": {"path":"C:\\Users\\Ferg\\Documents\\DEV\\people-list-challenge\\src\\pages\\UserDetails\\index.tsx","statementMap":{"0":{"start":{"line":1,"column":0},"end":{"line":1,"column":45}},"1":{"start":{"line":3,"column":20},"end":{"line":13,"column":1}},"2":{"start":{"line":4,"column":17},"end":{"line":4,"column":28}},"3":{"start":{"line":6,"column":2},"end":{"line":12,"column":4}},"4":{"start":{"line":15,"column":0},"end":{"line":15,"column":27}}},"fnMap":{"0":{"name":"(anonymous_0)","decl":{"start":{"line":3,"column":20},"end":{"line":3,"column":23}},"loc":{"start":{"line":3,"column":25},"end":{"line":13,"column":1}}}},"branchMap":{},"s":{"0":0,"1":0,"2":0,"3":0,"4":0},"f":{"0":0},"b":{}}
,"C:\\Users\\Ferg\\Documents\\DEV\\people-list-challenge\\src\\services\\userService.ts": {"path":"C:\\Users\\Ferg\\Documents\\DEV\\people-list-challenge\\src\\services\\userService.ts","statementMap":{"0":{"start":{"line":3,"column":21},"end":{"line":3,"column":49}},"1":{"start":{"line":10,"column":13},"end":{"line":36,"column":2}},"2":{"start":{"line":12,"column":4},"end":{"line":29,"column":5}},"3":{"start":{"line":13,"column":23},"end":{"line":14,"column":null}},"4":{"start":{"line":17,"column":6},"end":{"line":19,"column":7}},"5":{"start":{"line":18,"column":8},"end":{"line":18,"column":66}},"6":{"start":{"line":21,"column":34},"end":{"line":21,"column":55}},"7":{"start":{"line":22,"column":6},"end":{"line":22,"column":26}},"8":{"start":{"line":24,"column":6},"end":{"line":28,"column":8}},"9":{"start":{"line":34,"column":4},"end":{"line":34,"column":56}},"10":{"start":{"line":34,"column":32},"end":{"line":34,"column":54}}},"fnMap":{"0":{"name":"(anonymous_0)","decl":{"start":{"line":11,"column":2},"end":{"line":11,"column":7}},"loc":{"start":{"line":11,"column":59},"end":{"line":30,"column":3}}},"1":{"name":"(anonymous_1)","decl":{"start":{"line":32,"column":2},"end":{"line":32,"column":7}},"loc":{"start":{"line":32,"column":47},"end":{"line":35,"column":3}}},"2":{"name":"(anonymous_2)","decl":{"start":{"line":34,"column":22},"end":{"line":34,"column":23}},"loc":{"start":{"line":34,"column":32},"end":{"line":34,"column":54}}}},"branchMap":{"0":{"loc":{"start":{"line":11,"column":27},"end":{"line":11,"column":39}},"type":"default-arg","locations":[{"start":{"line":11,"column":37},"end":{"line":11,"column":39}}]},"1":{"loc":{"start":{"line":17,"column":6},"end":{"line":19,"column":7}},"type":"if","locations":[{"start":{"line":17,"column":6},"end":{"line":19,"column":7}},{"start":{},"end":{}}]},"2":{"loc":{"start":{"line":26,"column":10},"end":{"line":26,"column":null}},"type":"cond-expr","locations":[{"start":{"line":26,"column":35},"end":{"line":26,"column":48}},{"start":{"line":26,"column":51},"end":{"line":26,"column":null}}]}},"s":{"0":0,"1":0,"2":0,"3":0,"4":0,"5":0,"6":0,"7":0,"8":0,"9":0,"10":0},"f":{"0":0,"1":0,"2":0},"b":{"0":[0],"1":[0,0],"2":[0,0]}}
,"C:\\Users\\Ferg\\Documents\\DEV\\people-list-challenge\\src\\utils\\api.ts": {"path":"C:\\Users\\Ferg\\Documents\\DEV\\people-list-challenge\\src\\utils\\api.ts","statementMap":{"0":{"start":{"line":3,"column":17},"end":{"line":3,"column":44}},"1":{"start":{"line":4,"column":13},"end":{"line":4,"column":24}},"2":{"start":{"line":6,"column":26},"end":{"line":22,"column":1}},"3":{"start":{"line":10,"column":17},"end":{"line":15,"column":4}},"4":{"start":{"line":16,"column":2},"end":{"line":16,"column":44}},"5":{"start":{"line":16,"column":14},"end":{"line":16,"column":44}},"6":{"start":{"line":18,"column":14},"end":{"line":18,"column":50}},"7":{"start":{"line":19,"column":2},"end":{"line":19,"column":49}},"8":{"start":{"line":19,"column":15},"end":{"line":19,"column":49}},"9":{"start":{"line":20,"column":28},"end":{"line":20,"column":44}},"10":{"start":{"line":21,"column":2},"end":{"line":21,"column":22}},"11":{"start":{"line":6,"column":13},"end":{"line":6,"column":26}},"12":{"start":{"line":24,"column":25},"end":{"line":34,"column":1}},"13":{"start":{"line":25,"column":17},"end":{"line":29,"column":4}},"14":{"start":{"line":30,"column":14},"end":{"line":30,"column":50}},"15":{"start":{"line":31,"column":2},"end":{"line":31,"column":49}},"16":{"start":{"line":31,"column":15},"end":{"line":31,"column":49}},"17":{"start":{"line":32,"column":28},"end":{"line":32,"column":44}},"18":{"start":{"line":33,"column":2},"end":{"line":33,"column":25}},"19":{"start":{"line":24,"column":13},"end":{"line":24,"column":25}}},"fnMap":{"0":{"name":"(anonymous_0)","decl":{"start":{"line":6,"column":26},"end":{"line":6,"column":31}},"loc":{"start":{"line":9,"column":21},"end":{"line":22,"column":1}}},"1":{"name":"(anonymous_1)","decl":{"start":{"line":24,"column":25},"end":{"line":24,"column":30}},"loc":{"start":{"line":24,"column":63},"end":{"line":34,"column":1}}}},"branchMap":{"0":{"loc":{"start":{"line":7,"column":2},"end":{"line":7,"column":18}},"type":"default-arg","locations":[{"start":{"line":7,"column":17},"end":{"line":7,"column":18}}]},"1":{"loc":{"start":{"line":16,"column":2},"end":{"line":16,"column":44}},"type":"if","locations":[{"start":{"line":16,"column":2},"end":{"line":16,"column":44}},{"start":{},"end":{}}]},"2":{"loc":{"start":{"line":19,"column":2},"end":{"line":19,"column":49}},"type":"if","locations":[{"start":{"line":19,"column":2},"end":{"line":19,"column":49}},{"start":{},"end":{}}]},"3":{"loc":{"start":{"line":31,"column":2},"end":{"line":31,"column":49}},"type":"if","locations":[{"start":{"line":31,"column":2},"end":{"line":31,"column":49}},{"start":{},"end":{}}]}},"s":{"0":0,"1":0,"2":0,"3":0,"4":0,"5":0,"6":0,"7":0,"8":0,"9":0,"10":0,"11":0,"12":0,"13":0,"14":0,"15":0,"16":0,"17":0,"18":0,"19":0},"f":{"0":0,"1":0},"b":{"0":[0],"1":[0,0],"2":[0,0],"3":[0,0]}}
,"C:\\Users\\Ferg\\Documents\\DEV\\people-list-challenge\\src\\utils\\helpers.ts": {"path":"C:\\Users\\Ferg\\Documents\\DEV\\people-list-challenge\\src\\utils\\helpers.ts","statementMap":{"0":{"start":{"line":1,"column":26},"end":{"line":3,"column":1}},"1":{"start":{"line":2,"column":2},"end":{"line":2,"column":55}},"2":{"start":{"line":1,"column":13},"end":{"line":1,"column":26}}},"fnMap":{"0":{"name":"(anonymous_0)","decl":{"start":{"line":1,"column":26},"end":{"line":1,"column":27}},"loc":{"start":{"line":1,"column":54},"end":{"line":3,"column":1}}}},"branchMap":{},"s":{"0":0,"1":0,"2":0},"f":{"0":0},"b":{}}
}
